1 4
2 8
3 16
4 22
5 32
6 44
7 55
8 71
9 83
10 103
11 117
12 143
13 161
14 190
15 210
16 244
17 260
18 296
19 316
20 363
21 385
22 437
23 459
24 518
25 538
26 598
27 622
28 692
29 717
30 795
31 818
32 906
33 934
34 1019
35 1051
36 1140
37 1174
38 1261
39 1292
40 1391
41 1426
42 1527
43 1571
44 1671
45 1724
46 1820
47 1870
48 1984
49 2030
50 2160
51 2191
52 2326
53 2374
54 2497
55 2545
56 2675
57 2741
58 2862
59 2919
60 3052
61 3119
62 3298
63 3384
64 3572
65 3648
66 3837
67 3916
68 4109
69 4140
70 4339
71 4367
72 4575
73 4613
74 4820
75 4876
76 5081
77 5142
78 5353
79 5419
80 5639
81 5706
82 5925
83 5974
84 6198
85 6260
86 6490
87 6542
88 6779
89 6849
90 7097
91 7159
92 7407
93 7472
94 7721
95 7785
96 8029
97 8107
98 8349
99 8439
100 8677
101 8773
102 9023
103 9132
104 9360
105 9489
106 9722
107 9855
108 10082
109 10223
110 10442
111 10581
112 10819
113 10964
114 11205
115 11359
116 11596
117 11770
118 12003
119 12172
120 12403
121 12583
122 12834
123 13001
124 13246
125 13412
126 13648
127 13832
128 14078
129 14286
130 14506
131 14718
132 14937
133 15181
134 15392
135 15649
136 15842
137 16104
138 16289
139 16564
140 16774
141 17047
142 17260
143 17540
144 17741
145 18033
146 18234
147 18532
148 18711
149 19015
150 19216
151 19531
152 19709
153 20044
154 20218
155 20565
156 20740
157 21086
158 21238
159 21619
160 21778
161 22178
162 22310
163 22728
164 22864
165 23277
166 23408
167 23830
168 23973
169 24395
170 24512
171 24952
172 25082
173 25535
174 25680
175 26119
176 26274
177 26700
178 26847
179 27299
180 27449
181 27930
182 28056
183 28536
184 28698
185 29150
186 29297
187 29764
188 29942
189 30393
190 30544
191 31013
192 31178
193 31722
194 31968
195 32550
196 32781
197 33340
198 33561
199 34116
200 34229
201 34743
202 34833
203 35338
204 35441
205 35948
206 36081
207 36576
208 36696
209 37207
210 37315
211 37846
212 37957
213 38468
214 38548
215 39041
216 39147
217 39638
218 39713
219 40207
220 40287
221 40797
222 40854
223 41365
224 41420
225 41931
226 41972
227 42477
228 42533
229 43018
230 43079
231 43551
232 43622
233 44080
234 44166
235 44592
236 44699
237 45122
238 45217
239 45626
240 45729
241 46131
242 46235
243 46638
244 46733
245 47134
246 47235
247 47627
248 47746
249 48121
250 48230
251 48593
252 48711
253 49087
254 49185
255 49547
256 49639
257 49982
258 50091
259 50438
260 50561
261 50875
262 50993
263 51298
264 51441
265 51729
266 51879
267 52145
268 52291
269 52546
270 52696
271 52972
272 53115
273 53387
274 53528
275 53783
276 53923
277 54174
278 54312
279 54545
280 54690
281 54927
282 55064
283 55275
284 55428
285 55629
286 55791
287 55992
288 56144
289 56317
290 56486
291 56666
292 56840
293 56998
294 57170
295 57326
296 57485
297 57636
298 57800
299 57951
300 58116
301 58244
302 58419
303 58547
304 58729
305 58855
306 59029
307 59154
308 59309
309 59425
310 59584
311 59696
312 59870
313 59962
314 60136
315 60239
316 60398
317 60487
318 60648
319 60746
320 60893
321 60975
322 61128
323 61211
324 61402
325 61496
326 61688
327 61764
328 61949
329 62020
330 62201
331 62216
332 62395
333 62399
334 62580
335 62586
336 62764
337 62780
338 62951
339 62958
340 63131
341 63136
342 63315
343 63317
344 63491
345 63471
346 63641
347 63629
348 63793
349 63766
350 63925
351 63901
352 64068
353 64033
354 64200
355 64158
356 64331
357 64277
358 64447
359 64398
360 64555
361 64506
362 64655
363 64607
364 64749
365 64705
366 64839
367 64795
368 64923
369 64870
370 64998
371 64945
372 65076
373 65018
374 65147
375 65080
376 65204
377 65132
378 65256
379 65185
380 65299
381 65226
382 65337
383 65260
384 65368
385 65288
386 65393
387 65309
388 65410
389 65326
390 65423
391 65334
392 65427
393 65334
394 65427
395 65334
396 65427
397 65334
398 65427
399 65334
400 65427
401 65334
402 65427
403 65334
404 65427
405 65334
406 65427
407 65334
408 65427
409 65334
410 65427
411 65334
412 65427
413 65334
414 65427
415 65334
416 65427
417 65334
418 65427
419 65334
420 65427
421 65334
422 65427
423 65334
424 65427
425 65334
426 65427
427 65334
428 65427
429 65334
430 65427
431 65334
432 65427
433 65334
434 65427
435 65334
436 65427
437 65334
438 65427
439 65334
440 65427
441 65334
442 65427
443 65334
444 65427
445 65334
446 65427
447 65334
448 65427
449 65334
450 65427
451 65334
452 65427
453 65334
454 65427
455 65334
456 65427
457 65334
458 65427
459 65334
460 65427
461 65334
462 65427
463 65334
464 65427
465 65334
466 65427
467 65334
468 65427
469 65334
470 65427
471 65334
472 65427
473 65334
474 65427
475 65334
476 65427
477 65334
478 65427
479 65334
480 65427
481 65334
482 65427
483 65334
484 65427
485 65334
486 65427
487 65334
488 65427
489 65334
490 65427
491 65334
492 65427
493 65334
494 65427
495 65334
496 65427
497 65334
498 65427
499 65334
500 65427
501 65334
502 65427
503 65334
504 65427
505 65334
506 65427
507 65334
508 65427
509 65334
510 65427
511 65334
512 65427
513 65334
514 65427
515 65334
516 65427
517 65334
518 65427
519 65334
520 65427
521 65334
522 65427
523 65334
524 65427
525 65334
526 65427
527 65334
528 65427
529 65334
530 65427
531 65334
532 65427
533 65334
534 65427
535 65334
536 65427
537 65334
538 65427
539 65334
540 65427
541 65334
542 65427
543 65334
544 65427
545 65334
546 65427
547 65334
548 65427
549 65334
550 65427
551 65334
552 65427
553 65334
554 65427
555 65334
556 65427
557 65334
558 65427
559 65334
560 65427
561 65334
562 65427
563 65334
564 65427
565 65334
566 65427
567 65334
568 65427
569 65334
570 65427
571 65334
572 65427
573 65334
574 65427
575 65334
576 65427
577 65334
578 65427
579 65334
580 65427
581 65334
582 65427
583 65334
584 65427
585 65334
586 65427
587 65334
588 65427
589 65334
590 65427
591 65334
592 65427
593 65334
594 65427
595 65334
596 65427
597 65334
598 65427
599 65334
600 65427
601 65334
602 65427
603 65334
604 65427
605 65334
606 65427
607 65334
608 65427
609 65334
610 65427
611 65334
612 65427
613 65334
614 65427
615 65334
616 65427
617 65334
618 65427
619 65334
620 65427
621 65334
622 65427
623 65334
624 65427
625 65334
626 65427
627 65334
628 65427
629 65334
630 65427
631 65334
632 65427
633 65334
634 65427
635 65334
636 65427
637 65334
638 65427
639 65334
640 65427
641 65334
642 65427
643 65334
644 65427
645 65334
646 65427
647 65334
648 65427
649 65334
650 65427
651 65334
652 65427
653 65334
654 65427
655 65334
656 65427
657 65334
658 65427
659 65334
660 65427
661 65334
662 65427
663 65334
664 65427
665 65334
666 65427
667 65334
668 65427
669 65334
670 65427
671 65334
672 65427
673 65334
674 65427
675 65334
676 65427
677 65334
678 65427
679 65334
680 65427
681 65334
682 65427
683 65334
684 65427
685 65334
686 65427
687 65334
688 65427
689 65334
690 65427
691 65334
692 65427
693 65334
694 65427
695 65334
696 65427
697 65334
698 65427
699 65334
700 65427
701 65334
702 65427
703 65334
704 65427
705 65334
706 65427
707 65334
708 65427
709 65334
710 65427
711 65334
712 65427
713 65334
714 65427
715 65334
716 65427
717 65334
718 65427
719 65334
720 65427
721 65334
722 65427
723 65334
724 65427
725 65334
726 65427
727 65334
728 65427
729 65334
730 65427
731 65334
732 65427
733 65334
734 65427
735 65334
736 65427
737 65334
738 65427
739 65334
740 65427
741 65334
742 65427
743 65334
744 65427
745 65334
746 65427
747 65334
748 65427
749 65334
750 65427
751 65334
752 65427
753 65334
754 65427
755 65334
756 65427
757 65334
758 65427
759 65334
760 65427
761 65334
762 65427
763 65334
764 65427
765 65334
766 65427
767 65334
768 65427
769 65334
770 65427
771 65334
772 65427
773 65334
774 65427
775 65334
776 65427
777 65334
778 65427
779 65334
780 65427
781 65334
782 65427
783 65334
784 65427
785 65334
786 65427
787 65334
788 65427
789 65334
790 65427
791 65334
792 65427
793 65334
794 65427
795 65334
796 65427
797 65334
798 65427
799 65334
800 65427
801 65334
802 65427
803 65334
804 65427
805 65334
806 65427
807 65334
808 65427
809 65334
810 65427
811 65334
812 65427
813 65334
814 65427
815 65334
816 65427
817 65334
818 65427
819 65334
820 65427
821 65334
822 65427
823 65334
824 65427
825 65334
826 65427
827 65334
828 65427
829 65334
830 65427
831 65334
832 65427
833 65334
834 65427
835 65334
836 65427
837 65334
838 65427
839 65334
840 65427
841 65334
842 65427
843 65334
844 65427
845 65334
846 65427
847 65334
848 65427
849 65334
850 65427
851 65334
852 65427
853 65334
854 65427
855 65334
856 65427
857 65334
858 65427
859 65334
860 65427
861 65334
862 65427
863 65334
864 65427
865 65334
866 65427
867 65334
868 65427
869 65334
870 65427
871 65334
872 65427
873 65334
874 65427
875 65334
876 65427
877 65334
878 65427
879 65334
880 65427
881 65334
882 65427
883 65334
884 65427
885 65334
886 65427
887 65334
888 65427
889 65334
890 65427
891 65334
892 65427
893 65334
894 65427
895 65334
896 65427
897 65334
898 65427
899 65334
900 65427
901 65334
902 65427
903 65334
904 65427
905 65334
906 65427
907 65334
908 65427
909 65334
910 65427
911 65334
912 65427
913 65334
914 65427
915 65334
916 65427
917 65334
918 65427
919 65334
920 65427
921 65334
922 65427
923 65334
924 65427
925 65334
926 65427
927 65334
928 65427
929 65334
930 65427
931 65334
932 65427
933 65334
934 65427
935 65334
936 65427
937 65334
938 65427
939 65334
940 65427
941 65334
942 65427
943 65334
944 65427
945 65334
946 65427
947 65334
948 65427
949 65334
950 65427
951 65334
952 65427
953 65334
954 65427
955 65334
956 65427
957 65334
958 65427
959 65334
960 65427
961 65334
962 65427
963 65334
964 65427
965 65334
966 65427
967 65334
968 65427
969 65334
970 65427
971 65334
972 65427
973 65334
974 65427
975 65334
976 65427
977 65334
978 65427
979 65334
980 65427
981 65334
982 65427
983 65334
984 65427
985 65334
986 65427
987 65334
988 65427
989 65334
990 65427
991 65334
992 65427
993 65334
994 65427
995 65334
996 65427
997 65334
998 65427
999 65334
1000 65427
