1 4
2 8
3 16
4 22
5 32
6 44
7 55
8 71
9 83
10 103
11 117
12 143
13 161
14 190
15 210
16 244
17 260
18 296
19 316
20 363
21 385
22 437
23 459
24 518
25 538
26 598
27 622
28 692
29 717
30 795
31 818
32 906
33 934
34 1019
35 1051
36 1140
37 1174
38 1261
39 1292
40 1391
41 1426
42 1527
43 1571
44 1671
45 1724
46 1820
47 1870
48 1984
49 2030
50 2160
51 2191
52 2326
53 2374
54 2497
55 2545
56 2675
57 2741
58 2862
59 2919
60 3052
61 3119
62 3298
63 3384
64 3572
65 3648
66 3837
67 3916
68 4109
69 4140
70 4339
71 4367
72 4575
73 4613
74 4820
75 4876
76 5081
77 5142
78 5353
79 5419
80 5639
81 5706
82 5925
83 5974
84 6198
85 6260
86 6490
87 6542
88 6779
89 6849
90 7097
91 7159
92 7407
93 7472
94 7721
95 7785
96 8029
97 8107
98 8349
99 8439
100 8677
101 8773
102 9023
103 9132
104 9360
105 9489
106 9722
107 9855
108 10082
109 10223
110 10442
111 10581
112 10819
113 10964
114 11205
115 11359
116 11596
117 11770
118 12003
119 12172
120 12403
121 12583
122 12834
123 13001
124 13246
125 13412
126 13648
127 13832
128 14078
129 14286
130 14506
131 14718
132 14937
133 15181
134 15392
135 15649
136 15842
137 16104
138 16289
139 16564
140 16774
141 17047
142 17260
143 17540
144 17741
145 18033
146 18234
147 18532
148 18711
149 19015
150 19216
151 19531
152 19709
153 20044
154 20218
155 20565
156 20740
157 21086
158 21238
159 21619
160 21778
161 22178
162 22310
163 22728
164 22864
165 23277
166 23408
167 23830
168 23973
169 24395
170 24512
171 24952
172 25082
173 25535
174 25680
175 26119
176 26274
177 26700
178 26847
179 27299
180 27449
181 27930
182 28056
183 28536
184 28698
185 29150
186 29297
187 29764
188 29942
189 30393
190 30544
191 31013
192 31178
193 31722
194 31968
195 32550
196 32781
197 33344
198 33573
199 34140
200 34269
201 34803
202 34917
203 35449
204 35584
205 36120
206 36293
207 36822
208 36996
209 37545
210 37714
211 38286
212 38462
213 39018
214 39167
215 39714
216 39894
217 40451
218 40605
219 41177
220 41351
221 41942
222 42096
223 42688
224 42850
225 43437
226 43596
227 44175
228 44358
229 44928
230 45128
231 45689
232 45904
233 46470
234 46709
235 47229
236 47509
237 48037
238 48318
239 48826
240 49123
241 49613
242 49914
243 50426
244 50733
245 51251
246 51578
247 52083
248 52447
249 52941
250 53292
251 53775
252 54150
253 54669
254 55014
255 55516
256 55858
257 56336
258 56713
259 57209
260 57629
261 58070
262 58493
263 58928
264 59412
265 59826
266 60334
267 60710
268 61222
269 61581
270 62115
271 62523
272 63049
273 63461
274 63995
275 64379
276 64934
277 65316
278 65878
279 66220
280 66792
281 67174
282 67757
283 68091
284 68709
285 69035
286 69670
287 70000
288 70632
289 70912
290 71604
291 71897
292 72619
293 72860
294 73608
295 73852
296 74593
297 74823
298 75578
299 75830
300 76587
301 76790
302 77571
303 77796
304 78601
305 78847
306 79625
307 79882
308 80638
309 80882
310 81672
311 81926
312 82758
313 82979
314 83804
315 84080
316 84861
317 85107
318 85911
319 86201
320 86982
321 87227
322 88032
323 88295
324 89204
325 89610
326 90586
327 90972
328 91909
329 92288
330 93229
331 93456
332 94325
333 94525
334 95381
335 95613
336 96478
337 96768
338 97621
339 97908
340 98795
341 99067
342 99991
343 100276
344 101169
345 101418
346 102288
347 102586
348 103470
349 103726
350 104633
351 104911
352 105845
353 106091
354 107027
355 107286
356 108211
357 108465
358 109379
359 109667
360 110565
361 110875
362 111759
363 112093
364 112975
365 113344
366 114156
367 114587
368 115410
369 115839
370 116628
371 117081
372 117842
373 118305
374 119091
375 119560
376 120355
377 120855
378 121628
379 122182
380 122937
381 123470
382 124205
383 124775
384 125562
385 126085
386 126844
387 127362
388 128082
389 128652
390 129398
391 130030
392 130692
393 131326
394 131977
395 132701
396 133318
397 134077
398 134636
399 135398
400 135931
401 136724
402 137330
403 138109
404 138720
405 139508
406 140075
407 140893
408 141456
409 142282
410 142787
411 143627
412 144190
413 145041
414 145531
415 146432
416 146910
417 147833
418 148318
419 149236
420 149644
421 150647
422 151074
423 152118
424 152468
425 153546
426 153898
427 154967
428 155296
429 156384
430 156745
431 157837
432 158126
433 159248
434 159568
435 160725
436 161072
437 162189
438 162548
439 163634
440 163975
441 165103
442 165461
443 166644
444 166960
445 168130
446 168520
447 169630
448 169975
449 171116
450 171518
451 172629
452 172968
453 174109
454 174470
455 175744
456 176310
457 177680
458 178221
459 179532
460 180061
461 181376
462 181701
463 182905
464 183191
465 184371
466 184700
467 185894
468 186301
469 187478
470 187878
471 189103
472 189478
473 190754
474 191148
475 192378
476 192727
477 193920
478 194336
479 195547
480 195905
481 197147
482 197529
483 198806
484 199144
485 200424
486 200780
487 202043
488 202392
489 203641
490 204034
491 205260
492 205680
493 206887
494 207340
495 208538
496 209037
497 210141
498 210723
499 211841
500 212418
501 213488
502 214097
503 215129
504 215754
505 216814
506 217445
507 218517
508 219190
509 220231
510 220975
511 221991
512 222706
513 223693
514 224458
515 225513
516 226214
517 227230
518 227924
519 228886
520 229649
521 230645
522 231489
523 232372
524 233217
525 234084
526 235048
527 235868
528 236878
529 237620
530 238632
531 239339
532 240391
533 241195
534 242227
535 243037
536 244079
537 244829
538 245910
539 246654
540 247744
541 248412
542 249520
543 250264
544 251383
545 252029
546 253213
547 253843
548 255054
549 255694
550 256898
551 257434
552 258748
553 259309
554 260675
555 261134
556 262542
557 263002
558 264399
559 264827
560 266248
561 266718
562 268145
563 268520
564 269983
565 270398
566 271907
567 272355
568 273811
569 274272
570 275688
571 276126
572 277592
573 278054
574 279588
575 279999
576 281514
577 282018
578 283457
579 283901
580 285379
581 285893
582 287334
583 287767
584 289244
585 289703
586 291342
587 292068
588 293832
589 294528
590 296213
591 296892
592 298581
593 299004
594 300543
595 300915
596 302419
597 302845
598 304368
599 304892
600 306393
601 306906
602 308469
603 308947
604 310575
605 311078
606 312645
607 313094
608 314610
609 315144
610 316682
611 317142
612 318719
613 319205
614 320825
615 321255
616 322879
617 323332
618 324933
619 325377
620 326961
621 327459
622 329013
623 329543
624 331073
625 331645
626 333159
627 333788
628 335184
629 335917
630 337330
631 338055
632 339406
633 340171
634 341474
635 342261
636 343595
637 344388
638 345737
639 346583
640 347892
641 348826
642 350103
643 351000
644 352239
645 353199
646 354522
647 355401
648 356674
649 357544
650 358748
651 359704
652 360950
653 362006
654 363110
655 364166
656 365249
657 366453
658 367476
659 368737
660 369662
661 370924
662 371805
663 373116
664 374118
665 375403
666 376412
667 377708
668 378641
669 379985
670 380910
671 382264
672 383095
673 384471
674 385396
675 386783
676 387585
677 389052
678 389834
679 391333
680 392128
681 393618
682 394282
683 395907
684 396602
685 398290
686 398858
687 400596
688 401164
689 402889
690 403416
691 405170
692 405749
693 407511
694 407972
695 409776
696 410286
697 412147
698 412696
699 414491
700 415054
701 416800
702 417335
703 419139
704 419705
705 421590
706 422096
707 423956
708 424574
709 426342
710 426885
711 428700
712 429326
713 431097
714 431624
715 433437
716 433994
717 435998
718 436884
719 439042
720 439893
721 441952
722 442781
723 444844
724 445365
725 447239
726 447697
727 449525
728 450048
729 451900
730 452541
731 454366
732 454992
733 456893
734 457474
735 459454
736 460066
737 461970
738 462519
739 464358
740 465010
741 466875
742 467437
743 469349
744 469939
745 471902
746 472424
747 474392
748 474942
749 476881
750 477420
751 479339
752 479942
753 481824
754 482464
755 484317
756 485008
757 486838
758 487597
759 489285
760 490169
761 491877
762 492750
763 494382
764 495303
765 496877
766 497826
767 499434
768 500389
769 502015
770 503034
771 504611
772 505735
773 507273
774 508352
775 509843
776 510998
777 512589
778 513646
779 515176
780 516222
781 517668
782 518817
783 520313
784 521581
785 522906
786 524173
787 525472
788 526916
789 528142
790 529654
791 530762
792 532274
793 533329
794 534899
795 536099
796 537637
797 538845
798 540395
799 541511
800 543118
801 544224
802 545842
803 546836
804 548480
805 549586
806 551241
807 552199
808 553949
809 554883
810 556670
811 557620
812 559396
813 560188
814 562124
815 562953
816 564963
817 565640
818 567708
819 568384
820 570437
821 571063
822 573150
823 573838
824 575935
825 576482
826 578627
827 579232
828 581445
829 582095
830 584229
831 584894
832 586970
833 587602
834 589744
835 590414
836 592650
837 593251
838 595456
839 596188
840 598285
841 598927
842 601079
843 601817
844 603918
845 604539
846 606688
847 607343
848 609712
849 610758
850 613310
851 614316
852 616749
853 617728
854 620165
855 620784
856 622993
857 623537
858 625689
859 626309
860 628490
861 629248
862 631397
863 632136
864 634375
865 635059
866 637391
867 638112
868 640353
869 641002
870 643164
871 643934
872 646126
873 646790
874 649037
875 649731
876 652037
877 652651
878 654963
879 655610
880 657887
881 658521
882 660775
883 661483
884 663693
885 664443
886 666619
887 667429
888 669575
889 670464
890 672444
891 673479
892 675482
893 676503
894 678416
895 679493
896 681338
897 682449
898 684331
899 685448
900 687351
901 688543
902 690388
903 691702
904 693501
905 694762
906 696505
907 697855
908 699714
909 700949
910 702736
911 703958
912 705646
913 706988
914 708734
915 710214
916 711760
917 713238
918 714753
919 716437
920 717866
921 719629
922 720920
923 722682
924 723911
925 725740
926 727138
927 728929
928 730336
929 732140
930 733439
931 735309
932 736596
933 738478
934 739635
935 741547
936 742834
937 744757
938 745871
939 747904
940 748990
941 751065
942 752170
943 754232
944 755152
945 757399
946 758362
947 760694
948 761480
949 763878
950 764662
951 767043
952 767768
953 770188
954 770985
955 773417
956 774050
957 776536
958 777236
959 779801
960 780552
961 783025
962 783792
963 786198
964 786927
965 789407
966 790181
967 792768
968 793464
969 796014
970 796860
971 799286
972 800027
973 802516
974 803366
975 805797
976 806512
977 808997
978 809750
979 812484
980 813690
981 816636
982 817797
983 820604
984 821733
985 824544
986 825261
987 827805
988 828435
989 830911
990 831628
991 834138
992 835013
993 837486
994 838338
995 840915
996 841702
997 844386
998 845216
999 847794
1000 848543
