1 4
2 8
3 16
4 22
5 32
6 44
7 55
8 71
9 83
10 103
11 117
12 143
13 161
14 190
15 210
16 244
17 260
18 296
19 316
20 363
21 385
22 437
23 459
24 518
25 538
26 598
27 622
28 692
29 717
30 795
31 818
32 906
33 934
34 1019
35 1051
36 1140
37 1174
38 1261
39 1292
40 1391
41 1426
42 1527
43 1571
44 1671
45 1724
46 1820
47 1870
48 1984
49 2030
50 2160
51 2191
52 2326
53 2374
54 2497
55 2545
56 2675
57 2741
58 2862
59 2919
60 3052
61 3119
62 3298
63 3384
64 3572
65 3648
66 3833
67 3904
68 4085
69 4100
70 4279
71 4283
72 4464
73 4470
74 4648
75 4664
76 4835
77 4842
78 5015
79 5020
80 5199
81 5201
82 5375
83 5355
84 5525
85 5513
86 5677
87 5650
88 5809
89 5785
90 5952
91 5917
92 6084
93 6042
94 6215
95 6161
96 6331
97 6282
98 6439
99 6390
100 6539
101 6491
102 6633
103 6589
104 6723
105 6679
106 6807
107 6754
108 6882
109 6829
110 6960
111 6902
112 7031
113 6964
114 7088
115 7016
116 7140
117 7069
118 7183
119 7110
120 7221
121 7144
122 7252
123 7172
124 7277
125 7193
126 7294
127 7210
128 7307
129 7218
130 7311
131 7218
132 7311
133 7218
134 7311
135 7218
136 7311
137 7218
138 7311
139 7218
140 7311
141 7218
142 7311
143 7218
144 7311
145 7218
146 7311
147 7218
148 7311
149 7218
150 7311
151 7218
152 7311
153 7218
154 7311
155 7218
156 7311
157 7218
158 7311
159 7218
160 7311
161 7218
162 7311
163 7218
164 7311
165 7218
166 7311
167 7218
168 7311
169 7218
170 7311
171 7218
172 7311
173 7218
174 7311
175 7218
176 7311
177 7218
178 7311
179 7218
180 7311
181 7218
182 7311
183 7218
184 7311
185 7218
186 7311
187 7218
188 7311
189 7218
190 7311
191 7218
192 7311
193 7218
194 7311
195 7218
196 7311
197 7218
198 7311
199 7218
200 7311
201 7218
202 7311
203 7218
204 7311
205 7218
206 7311
207 7218
208 7311
209 7218
210 7311
211 7218
212 7311
213 7218
214 7311
215 7218
216 7311
217 7218
218 7311
219 7218
220 7311
221 7218
222 7311
223 7218
224 7311
225 7218
226 7311
227 7218
228 7311
229 7218
230 7311
231 7218
232 7311
233 7218
234 7311
235 7218
236 7311
237 7218
238 7311
239 7218
240 7311
241 7218
242 7311
243 7218
244 7311
245 7218
246 7311
247 7218
248 7311
249 7218
250 7311
251 7218
252 7311
253 7218
254 7311
255 7218
256 7311
257 7218
258 7311
259 7218
260 7311
261 7218
262 7311
263 7218
264 7311
265 7218
266 7311
267 7218
268 7311
269 7218
270 7311
271 7218
272 7311
273 7218
274 7311
275 7218
276 7311
277 7218
278 7311
279 7218
280 7311
281 7218
282 7311
283 7218
284 7311
285 7218
286 7311
287 7218
288 7311
289 7218
290 7311
291 7218
292 7311
293 7218
294 7311
295 7218
296 7311
297 7218
298 7311
299 7218
300 7311
301 7218
302 7311
303 7218
304 7311
305 7218
306 7311
307 7218
308 7311
309 7218
310 7311
311 7218
312 7311
313 7218
314 7311
315 7218
316 7311
317 7218
318 7311
319 7218
320 7311
321 7218
322 7311
323 7218
324 7311
325 7218
326 7311
327 7218
328 7311
329 7218
330 7311
331 7218
332 7311
333 7218
334 7311
335 7218
336 7311
337 7218
338 7311
339 7218
340 7311
341 7218
342 7311
343 7218
344 7311
345 7218
346 7311
347 7218
348 7311
349 7218
350 7311
351 7218
352 7311
353 7218
354 7311
355 7218
356 7311
357 7218
358 7311
359 7218
360 7311
361 7218
362 7311
363 7218
364 7311
365 7218
366 7311
367 7218
368 7311
369 7218
370 7311
371 7218
372 7311
373 7218
374 7311
375 7218
376 7311
377 7218
378 7311
379 7218
380 7311
381 7218
382 7311
383 7218
384 7311
385 7218
386 7311
387 7218
388 7311
389 7218
390 7311
391 7218
392 7311
393 7218
394 7311
395 7218
396 7311
397 7218
398 7311
399 7218
400 7311
401 7218
402 7311
403 7218
404 7311
405 7218
406 7311
407 7218
408 7311
409 7218
410 7311
411 7218
412 7311
413 7218
414 7311
415 7218
416 7311
417 7218
418 7311
419 7218
420 7311
421 7218
422 7311
423 7218
424 7311
425 7218
426 7311
427 7218
428 7311
429 7218
430 7311
431 7218
432 7311
433 7218
434 7311
435 7218
436 7311
437 7218
438 7311
439 7218
440 7311
441 7218
442 7311
443 7218
444 7311
445 7218
446 7311
447 7218
448 7311
449 7218
450 7311
451 7218
452 7311
453 7218
454 7311
455 7218
456 7311
457 7218
458 7311
459 7218
460 7311
461 7218
462 7311
463 7218
464 7311
465 7218
466 7311
467 7218
468 7311
469 7218
470 7311
471 7218
472 7311
473 7218
474 7311
475 7218
476 7311
477 7218
478 7311
479 7218
480 7311
481 7218
482 7311
483 7218
484 7311
485 7218
486 7311
487 7218
488 7311
489 7218
490 7311
491 7218
492 7311
493 7218
494 7311
495 7218
496 7311
497 7218
498 7311
499 7218
500 7311
501 7218
502 7311
503 7218
504 7311
505 7218
506 7311
507 7218
508 7311
509 7218
510 7311
511 7218
512 7311
513 7218
514 7311
515 7218
516 7311
517 7218
518 7311
519 7218
520 7311
521 7218
522 7311
523 7218
524 7311
525 7218
526 7311
527 7218
528 7311
529 7218
530 7311
531 7218
532 7311
533 7218
534 7311
535 7218
536 7311
537 7218
538 7311
539 7218
540 7311
541 7218
542 7311
543 7218
544 7311
545 7218
546 7311
547 7218
548 7311
549 7218
550 7311
551 7218
552 7311
553 7218
554 7311
555 7218
556 7311
557 7218
558 7311
559 7218
560 7311
561 7218
562 7311
563 7218
564 7311
565 7218
566 7311
567 7218
568 7311
569 7218
570 7311
571 7218
572 7311
573 7218
574 7311
575 7218
576 7311
577 7218
578 7311
579 7218
580 7311
581 7218
582 7311
583 7218
584 7311
585 7218
586 7311
587 7218
588 7311
589 7218
590 7311
591 7218
592 7311
593 7218
594 7311
595 7218
596 7311
597 7218
598 7311
599 7218
600 7311
601 7218
602 7311
603 7218
604 7311
605 7218
606 7311
607 7218
608 7311
609 7218
610 7311
611 7218
612 7311
613 7218
614 7311
615 7218
616 7311
617 7218
618 7311
619 7218
620 7311
621 7218
622 7311
623 7218
624 7311
625 7218
626 7311
627 7218
628 7311
629 7218
630 7311
631 7218
632 7311
633 7218
634 7311
635 7218
636 7311
637 7218
638 7311
639 7218
640 7311
641 7218
642 7311
643 7218
644 7311
645 7218
646 7311
647 7218
648 7311
649 7218
650 7311
651 7218
652 7311
653 7218
654 7311
655 7218
656 7311
657 7218
658 7311
659 7218
660 7311
661 7218
662 7311
663 7218
664 7311
665 7218
666 7311
667 7218
668 7311
669 7218
670 7311
671 7218
672 7311
673 7218
674 7311
675 7218
676 7311
677 7218
678 7311
679 7218
680 7311
681 7218
682 7311
683 7218
684 7311
685 7218
686 7311
687 7218
688 7311
689 7218
690 7311
691 7218
692 7311
693 7218
694 7311
695 7218
696 7311
697 7218
698 7311
699 7218
700 7311
701 7218
702 7311
703 7218
704 7311
705 7218
706 7311
707 7218
708 7311
709 7218
710 7311
711 7218
712 7311
713 7218
714 7311
715 7218
716 7311
717 7218
718 7311
719 7218
720 7311
721 7218
722 7311
723 7218
724 7311
725 7218
726 7311
727 7218
728 7311
729 7218
730 7311
731 7218
732 7311
733 7218
734 7311
735 7218
736 7311
737 7218
738 7311
739 7218
740 7311
741 7218
742 7311
743 7218
744 7311
745 7218
746 7311
747 7218
748 7311
749 7218
750 7311
751 7218
752 7311
753 7218
754 7311
755 7218
756 7311
757 7218
758 7311
759 7218
760 7311
761 7218
762 7311
763 7218
764 7311
765 7218
766 7311
767 7218
768 7311
769 7218
770 7311
771 7218
772 7311
773 7218
774 7311
775 7218
776 7311
777 7218
778 7311
779 7218
780 7311
781 7218
782 7311
783 7218
784 7311
785 7218
786 7311
787 7218
788 7311
789 7218
790 7311
791 7218
792 7311
793 7218
794 7311
795 7218
796 7311
797 7218
798 7311
799 7218
800 7311
801 7218
802 7311
803 7218
804 7311
805 7218
806 7311
807 7218
808 7311
809 7218
810 7311
811 7218
812 7311
813 7218
814 7311
815 7218
816 7311
817 7218
818 7311
819 7218
820 7311
821 7218
822 7311
823 7218
824 7311
825 7218
826 7311
827 7218
828 7311
829 7218
830 7311
831 7218
832 7311
833 7218
834 7311
835 7218
836 7311
837 7218
838 7311
839 7218
840 7311
841 7218
842 7311
843 7218
844 7311
845 7218
846 7311
847 7218
848 7311
849 7218
850 7311
851 7218
852 7311
853 7218
854 7311
855 7218
856 7311
857 7218
858 7311
859 7218
860 7311
861 7218
862 7311
863 7218
864 7311
865 7218
866 7311
867 7218
868 7311
869 7218
870 7311
871 7218
872 7311
873 7218
874 7311
875 7218
876 7311
877 7218
878 7311
879 7218
880 7311
881 7218
882 7311
883 7218
884 7311
885 7218
886 7311
887 7218
888 7311
889 7218
890 7311
891 7218
892 7311
893 7218
894 7311
895 7218
896 7311
897 7218
898 7311
899 7218
900 7311
901 7218
902 7311
903 7218
904 7311
905 7218
906 7311
907 7218
908 7311
909 7218
910 7311
911 7218
912 7311
913 7218
914 7311
915 7218
916 7311
917 7218
918 7311
919 7218
920 7311
921 7218
922 7311
923 7218
924 7311
925 7218
926 7311
927 7218
928 7311
929 7218
930 7311
931 7218
932 7311
933 7218
934 7311
935 7218
936 7311
937 7218
938 7311
939 7218
940 7311
941 7218
942 7311
943 7218
944 7311
945 7218
946 7311
947 7218
948 7311
949 7218
950 7311
951 7218
952 7311
953 7218
954 7311
955 7218
956 7311
957 7218
958 7311
959 7218
960 7311
961 7218
962 7311
963 7218
964 7311
965 7218
966 7311
967 7218
968 7311
969 7218
970 7311
971 7218
972 7311
973 7218
974 7311
975 7218
976 7311
977 7218
978 7311
979 7218
980 7311
981 7218
982 7311
983 7218
984 7311
985 7218
986 7311
987 7218
988 7311
989 7218
990 7311
991 7218
992 7311
993 7218
994 7311
995 7218
996 7311
997 7218
998 7311
999 7218
1000 7311
